<?xml version="1.0" encoding="UTF-8"?>
<robot generator="Robot 7.1.1 (Python 3.12.4 on win32)" generated="2025-02-11T18:23:33.880393" rpa="false" schemaversion="5">
<suite id="s1" name="Autologout" source="C:\Users\shawn\Downloads\Ngee Ann Poly\Year 3.2\DevOps\Assignment 1\DevOps_Oct2024_Team4_Assignment\autologout.robot">
<test id="s1-t1" name="Verify Auto Logout After Inactivity" line="12">
<kw name="Open Browser" owner="SeleniumLibrary">
<msg time="2025-02-11T18:23:34.379347" level="INFO">Opening browser 'Chrome' to base url 'http://127.0.0.1:5000/login'.</msg>
<arg>${URL}</arg>
<arg>Chrome</arg>
<doc>Opens a new browser instance to the optional ``url``.</doc>
<status status="PASS" start="2025-02-11T18:23:34.378344" elapsed="1.754386"/>
</kw>
<kw name="Input Text" owner="SeleniumLibrary">
<msg time="2025-02-11T18:23:36.133882" level="INFO">Typing text 'hp@np.edu.sg' into text field 'id=email'.</msg>
<arg>id=email</arg>
<arg>${ADMIN_EMAIL}</arg>
<doc>Types the given ``text`` into the text field identified by ``locator``.</doc>
<status status="PASS" start="2025-02-11T18:23:36.132730" elapsed="0.104757"/>
</kw>
<kw name="Input Text" owner="SeleniumLibrary">
<msg time="2025-02-11T18:23:36.237487" level="INFO">Typing text 'wizardboy' into text field 'id=password'.</msg>
<arg>id=password</arg>
<arg>${ADMIN_PASSWORD}</arg>
<doc>Types the given ``text`` into the text field identified by ``locator``.</doc>
<status status="PASS" start="2025-02-11T18:23:36.237487" elapsed="0.065298"/>
</kw>
<kw name="Click Button" owner="SeleniumLibrary">
<msg time="2025-02-11T18:23:36.303814" level="INFO">Clicking button 'xpath=//button[@type='submit']'.</msg>
<arg>xpath=//button[@type='submit']</arg>
<doc>Clicks the button identified by ``locator``.</doc>
<status status="PASS" start="2025-02-11T18:23:36.302785" elapsed="4.127398"/>
</kw>
<kw name="Wait Until Page Contains" owner="SeleniumLibrary">
<arg>Admin Dashboard</arg>
<doc>Waits until ``text`` appears on the current page.</doc>
<status status="PASS" start="2025-02-11T18:23:40.431275" elapsed="0.022905"/>
</kw>
<kw name="Sleep" owner="BuiltIn">
<msg time="2025-02-11T18:25:45.456555" level="INFO">Slept 2 minutes 5 seconds.</msg>
<arg>${TIMEOUT}</arg>
<doc>Pauses the test executed for the given time.</doc>
<status status="PASS" start="2025-02-11T18:23:40.455181" elapsed="125.001885"/>
</kw>
<kw name="Page Should Contain" owner="SeleniumLibrary">
<msg time="2025-02-11T18:25:45.495672" level="INFO">Current page contains text 'You have been logged out.'.</msg>
<arg>You have been logged out.</arg>
<doc>Verifies that current page contains ``text``.</doc>
<status status="PASS" start="2025-02-11T18:25:45.457430" elapsed="0.038242"/>
</kw>
<kw name="Run Process" owner="Process">
<msg time="2025-02-11T18:25:45.496600" level="INFO">Starting process:
python send_test_results.py "Auto-logout test completed successfully."</msg>
<msg time="2025-02-11T18:25:45.511653" level="INFO">Waiting for process to complete.</msg>
<msg time="2025-02-11T18:25:46.816863" level="INFO">Process completed.</msg>
<arg>python</arg>
<arg>send_test_results.py</arg>
<arg>Auto-logout test completed successfully.</arg>
<doc>Runs a process and waits for it to complete.</doc>
<status status="PASS" start="2025-02-11T18:25:45.496600" elapsed="1.320263"/>
</kw>
<kw name="Close Browser" owner="SeleniumLibrary">
<doc>Closes the current browser.</doc>
<status status="PASS" start="2025-02-11T18:25:46.817910" elapsed="2.258943"/>
</kw>
<status status="PASS" start="2025-02-11T18:23:34.377756" elapsed="134.701106"/>
</test>
<status status="PASS" start="2025-02-11T18:23:33.885448" elapsed="135.196661"/>
</suite>
<statistics>
<total>
<stat pass="1" fail="0" skip="0">All Tests</stat>
</total>
<tag>
</tag>
<suite>
<stat pass="1" fail="0" skip="0" id="s1" name="Autologout">Autologout</stat>
</suite>
</statistics>
<errors>
</errors>
</robot>
