<?xml version="1.0" encoding="UTF-8"?>
<robot generator="Robot 7.1.1 (Python 3.13.0 on win32)" generated="2025-02-11T14:44:03.259857" rpa="false" schemaversion="5">
<suite id="s1" name="myTest" source="C:\Users\Zi Jie\Downloads\Devops\DevOps_Oct2024_Team4_Assignment\TestCases\myTest.robot">
<kw name="Open Browser" owner="SeleniumLibrary" type="SETUP">
<msg time="2025-02-11T14:44:03.943563" level="INFO">Opening browser 'Chrome' to base url 'http://127.0.0.1:5000/login'.</msg>
<arg>http://127.0.0.1:5000/login</arg>
<arg>Chrome</arg>
<doc>Opens a new browser instance to the optional ``url``.</doc>
<status status="PASS" start="2025-02-11T14:44:03.943128" elapsed="2.561447"/>
</kw>
<test id="s1-t1" name="Student Login Successful" line="24">
<kw name="Open Browser" owner="SeleniumLibrary">
<msg time="2025-02-11T14:44:06.507073" level="INFO">Opening browser 'Chrome' to base url 'http://127.0.0.1:5000/login'.</msg>
<arg>${URL}</arg>
<arg>${BROWSER}</arg>
<doc>Opens a new browser instance to the optional ``url``.</doc>
<status status="PASS" start="2025-02-11T14:44:06.506524" elapsed="2.597516"/>
</kw>
<kw name="Maximize Browser Window" owner="SeleniumLibrary">
<doc>Maximizes current browser window.</doc>
<status status="PASS" start="2025-02-11T14:44:09.104748" elapsed="0.043708"/>
</kw>
<kw name="Wait Until Element Is Visible" owner="SeleniumLibrary">
<arg>id=email</arg>
<arg>timeout=5s</arg>
<doc>Waits until the element ``locator`` is visible.</doc>
<status status="PASS" start="2025-02-11T14:44:09.149141" elapsed="0.038211"/>
</kw>
<kw name="Input Text" owner="SeleniumLibrary">
<msg time="2025-02-11T14:44:09.188292" level="INFO">Typing text 'john.tan.2024@example.edu' into text field 'id=email'.</msg>
<arg>id=email</arg>
<arg>${STUDENT_EMAIL}</arg>
<doc>Types the given ``text`` into the text field identified by ``locator``.</doc>
<status status="PASS" start="2025-02-11T14:44:09.187889" elapsed="0.364473"/>
</kw>
<kw name="Input Text" owner="SeleniumLibrary">
<msg time="2025-02-11T14:44:09.553457" level="INFO">Typing text 'Johntan222' into text field 'id=password'.</msg>
<arg>id=password</arg>
<arg>${STUDENT_PASSWORD}</arg>
<doc>Types the given ``text`` into the text field identified by ``locator``.</doc>
<status status="PASS" start="2025-02-11T14:44:09.552888" elapsed="0.204559"/>
</kw>
<kw name="Click Button" owner="SeleniumLibrary">
<msg time="2025-02-11T14:44:09.758313" level="INFO">Clicking button 'xpath=//button[@type='submit']'.</msg>
<arg>xpath=//button[@type='submit']</arg>
<doc>Clicks the button identified by ``locator``.</doc>
<status status="PASS" start="2025-02-11T14:44:09.758016" elapsed="4.313008"/>
</kw>
<kw name="Wait Until Page Contains" owner="SeleniumLibrary">
<arg>Welcome, John Tan!</arg>
<doc>Waits until ``text`` appears on the current page.</doc>
<status status="PASS" start="2025-02-11T14:44:14.071686" elapsed="0.026401"/>
</kw>
<kw name="Close Browser" owner="SeleniumLibrary" type="TEARDOWN">
<doc>Closes the current browser.</doc>
<status status="PASS" start="2025-02-11T14:44:14.098768" elapsed="2.212740"/>
</kw>
<doc>Verify that a student can successfully log in with valid credentials.</doc>
<status status="PASS" start="2025-02-11T14:44:06.505032" elapsed="9.807466"/>
</test>
<test id="s1-t2" name="Student Login Failed" line="35">
<kw name="Open Browser" owner="SeleniumLibrary">
<msg time="2025-02-11T14:44:16.314941" level="INFO">Opening browser 'Chrome' to base url 'http://127.0.0.1:5000/login'.</msg>
<arg>${URL}</arg>
<arg>${BROWSER}</arg>
<doc>Opens a new browser instance to the optional ``url``.</doc>
<status status="PASS" start="2025-02-11T14:44:16.314596" elapsed="2.503864"/>
</kw>
<kw name="Maximize Browser Window" owner="SeleniumLibrary">
<doc>Maximizes current browser window.</doc>
<status status="PASS" start="2025-02-11T14:44:18.819230" elapsed="0.132119"/>
</kw>
<kw name="Wait Until Element Is Visible" owner="SeleniumLibrary">
<arg>id=email</arg>
<arg>timeout=5s</arg>
<doc>Waits until the element ``locator`` is visible.</doc>
<status status="PASS" start="2025-02-11T14:44:18.952060" elapsed="0.039846"/>
</kw>
<kw name="Input Text" owner="SeleniumLibrary">
<msg time="2025-02-11T14:44:18.992722" level="INFO">Typing text 'wrong.email@example.edu' into text field 'id=email'.</msg>
<arg>id=email</arg>
<arg>wrong.email@example.edu</arg>
<doc>Types the given ``text`` into the text field identified by ``locator``.</doc>
<status status="PASS" start="2025-02-11T14:44:18.992425" elapsed="0.337145"/>
</kw>
<kw name="Input Text" owner="SeleniumLibrary">
<msg time="2025-02-11T14:44:19.330567" level="INFO">Typing text 'wrongpassword' into text field 'id=password'.</msg>
<arg>id=password</arg>
<arg>wrongpassword</arg>
<doc>Types the given ``text`` into the text field identified by ``locator``.</doc>
<status status="PASS" start="2025-02-11T14:44:19.330207" elapsed="0.228343"/>
</kw>
<kw name="Click Button" owner="SeleniumLibrary">
<msg time="2025-02-11T14:44:19.559344" level="INFO">Clicking button 'xpath=//button[@type='submit']'.</msg>
<arg>xpath=//button[@type='submit']</arg>
<doc>Clicks the button identified by ``locator``.</doc>
<status status="PASS" start="2025-02-11T14:44:19.559061" elapsed="1.853177"/>
</kw>
<kw name="Wait Until Page Contains" owner="SeleniumLibrary">
<arg>Invalid email or password.</arg>
<doc>Waits until ``text`` appears on the current page.</doc>
<status status="PASS" start="2025-02-11T14:44:21.412736" elapsed="0.024507"/>
</kw>
<kw name="Close Browser" owner="SeleniumLibrary" type="TEARDOWN">
<doc>Closes the current browser.</doc>
<status status="PASS" start="2025-02-11T14:44:21.437936" elapsed="2.233538"/>
</kw>
<doc>Verify that login fails with invalid student credentials.</doc>
<status status="PASS" start="2025-02-11T14:44:16.313800" elapsed="7.358291"/>
</test>
<kw name="Close Browser" owner="SeleniumLibrary" type="TEARDOWN">
<doc>Closes the current browser.</doc>
<status status="PASS" start="2025-02-11T14:44:23.674400" elapsed="0.000245"/>
</kw>
<status status="PASS" start="2025-02-11T14:44:03.263438" elapsed="20.411286"/>
</suite>
<statistics>
<total>
<stat pass="2" fail="0" skip="0">All Tests</stat>
</total>
<tag>
</tag>
<suite>
<stat pass="2" fail="0" skip="0" id="s1" name="myTest">myTest</stat>
</suite>
</statistics>
<errors>
</errors>
</robot>
